[0704/155824.477:ERROR:process_memory_win.cc(73)] ReadMemory at 0x7ff774ad0000 of 64 bytes failed: Only part of a ReadProcessMemory or WriteProcessMemory request was completed. (0x12B)
[0704/155824.478:WARNING:pe_image_reader.cc(340)] could not read dos header from C:\Program Files (x86)\Google\Chrome\Application\chrome.exe
[0704/155824.478:ERROR:process_memory_win.cc(73)] ReadMemory at 0x7fffa8920000 of 64 bytes failed: Only part of a ReadProcessMemory or WriteProcessMemory request was completed. (0x12B)
[0704/155824.478:WARNING:pe_image_reader.cc(340)] could not read dos header from C:\WINDOWS\SYSTEM32\ntdll.dll
[0704/155824.479:ERROR:process_memory_win.cc(73)] ReadMemory at 0x7fffa7030000 of 64 bytes failed: Only part of a ReadProcessMemory or WriteProcessMemory request was completed. (0x12B)
[0704/155824.479:WARNING:pe_image_reader.cc(340)] could not read dos header from C:\WINDOWS\System32\KERNEL32.DLL
[0704/155824.479:ERROR:process_memory_win.cc(73)] ReadMemory at 0x7fffa6670000 of 64 bytes failed: Only part of a ReadProcessMemory or WriteProcessMemory request was completed. (0x12B)
[0704/155824.479:WARNING:pe_image_reader.cc(340)] could not read dos header from C:\WINDOWS\System32\KERNELBASE.dll
[0704/155824.479:ERROR:process_memory_win.cc(73)] ReadMemory at 0x7fff9a7b0000 of 64 bytes failed: Only part of a ReadProcessMemory or WriteProcessMemory request was completed. (0x12B)
[0704/155824.479:WARNING:pe_image_reader.cc(340)] could not read dos header from C:\Program Files (x86)\Google\Chrome\Application\83.0.4103.116\chrome_elf.dll
[0704/155824.479:ERROR:process_memory_win.cc(73)] ReadMemory at 0x7fff9bad0000 of 64 bytes failed: Only part of a ReadProcessMemory or WriteProcessMemory request was completed. (0x12B)
[0704/155824.479:WARNING:pe_image_reader.cc(340)] could not read dos header from C:\WINDOWS\SYSTEM32\VERSION.dll
[0704/155824.479:ERROR:process_memory_win.cc(73)] ReadMemory at 0x7fffa87c0000 of 64 bytes failed: Only part of a ReadProcessMemory or WriteProcessMemory request was completed. (0x12B)
[0704/155824.479:WARNING:pe_image_reader.cc(340)] could not read dos header from C:\WINDOWS\System32\msvcrt.dll
[0704/155824.479:ERROR:process_memory_win.cc(73)] ReadMemory at 0x7fffa58b0000 of 64 bytes failed: Only part of a ReadProcessMemory or WriteProcessMemory request was completed. (0x12B)
[0704/155824.479:WARNING:pe_image_reader.cc(340)] could not read dos header from C:\WINDOWS\System32\bcryptPrimitives.dll
[0704/155824.479:ERROR:process_memory_win.cc(73)] ReadMemory at 0x7fffa7100000 of 64 bytes failed: Only part of a ReadProcessMemory or WriteProcessMemory request was completed. (0x12B)
[0704/155824.479:WARNING:pe_image_reader.cc(340)] could not read dos header from C:\WINDOWS\System32\ADVAPI32.dll
[0704/155824.479:ERROR:process_memory_win.cc(73)] ReadMemory at 0x7fffa7d20000 of 64 bytes failed: Only part of a ReadProcessMemory or WriteProcessMemory request was completed. (0x12B)
[0704/155824.479:WARNING:pe_image_reader.cc(340)] could not read dos header from C:\WINDOWS\System32\sechost.dll
[0704/155824.479:ERROR:process_memory_win.cc(73)] ReadMemory at 0x7fffa7e90000 of 64 bytes failed: Only part of a ReadProcessMemory or WriteProcessMemory request was completed. (0x12B)
[0704/155824.479:WARNING:pe_image_reader.cc(340)] could not read dos header from C:\WINDOWS\System32\RPCRT4.dll
[0704/155824.479:ERROR:process_memory_win.cc(73)] ReadMemory at 0x7fff3b4d0000 of 64 bytes failed: Only part of a ReadProcessMemory or WriteProcessMemory request was completed. (0x12B)
[0704/155824.479:WARNING:pe_image_reader.cc(340)] could not read dos header from C:\Program Files (x86)\Google\Chrome\Application\83.0.4103.116\chrome.dll
[0704/155824.479:ERROR:process_memory_win.cc(73)] ReadMemory at 0x7fffa8290000 of 64 bytes failed: Only part of a ReadProcessMemory or WriteProcessMemory request was completed. (0x12B)
[0704/155824.479:WARNING:pe_image_reader.cc(340)] could not read dos header from C:\WINDOWS\System32\WS2_32.dll
[0704/155824.479:ERROR:process_memory_win.cc(73)] ReadMemory at 0x7fffa7dc0000 of 64 bytes failed: Only part of a ReadProcessMemory or WriteProcessMemory request was completed. (0x12B)
[0704/155824.479:WARNING:pe_image_reader.cc(340)] could not read dos header from C:\WINDOWS\System32\OLEAUT32.dll
[0704/155824.479:ERROR:process_memory_win.cc(73)] ReadMemory at 0x7fffa59e0000 of 64 bytes failed: Only part of a ReadProcessMemory or WriteProcessMemory request was completed. (0x12B)
[0704/155824.479:WARNING:pe_image_reader.cc(340)] could not read dos header from C:\WINDOWS\System32\msvcp_win.dll
[0704/155824.479:ERROR:process_memory_win.cc(73)] ReadMemory at 0x7fffa6200000 of 64 bytes failed: Only part of a ReadProcessMemory or WriteProcessMemory request was completed. (0x12B)
[0704/155824.479:WARNING:pe_image_reader.cc(340)] could not read dos header from C:\WINDOWS\System32\ucrtbase.dll
[0704/155824.479:ERROR:process_memory_win.cc(73)] ReadMemory at 0x7fffa69d0000 of 64 bytes failed: Only part of a ReadProcessMemory or WriteProcessMemory request was completed. (0x12B)
[0704/155824.480:WARNING:pe_image_reader.cc(340)] could not read dos header from C:\WINDOWS\System32\combase.dll
[0704/155824.480:ERROR:process_memory_win.cc(73)] ReadMemory at 0x7fffa5980000 of 64 bytes failed: Only part of a ReadProcessMemory or WriteProcessMemory request was completed. (0x12B)
[0704/155824.480:WARNING:pe_image_reader.cc(340)] could not read dos header from C:\WINDOWS\System32\WINTRUST.dll
[0704/155824.480:ERROR:process_memory_win.cc(73)] ReadMemory at 0x7fffa5890000 of 64 bytes failed: Only part of a ReadProcessMemory or WriteProcessMemory request was completed. (0x12B)
[0704/155824.480:WARNING:pe_image_reader.cc(340)] could not read dos header from C:\WINDOWS\System32\MSASN1.dll
[0704/155824.480:ERROR:process_memory_win.cc(73)] ReadMemory at 0x7fffa64a0000 of 64 bytes failed: Only part of a ReadProcessMemory or WriteProcessMemory request was completed. (0x12B)
[0704/155824.480:WARNING:pe_image_reader.cc(340)] could not read dos header from C:\WINDOWS\System32\CRYPT32.dll
[0704/155824.480:ERROR:process_memory_win.cc(73)] ReadMemory at 0x7fffa4d00000 of 64 bytes failed: Only part of a ReadProcessMemory or WriteProcessMemory request was completed. (0x12B)
[0704/155824.480:WARNING:pe_image_reader.cc(340)] could not read dos header from C:\WINDOWS\SYSTEM32\IPHLPAPI.DLL
[0704/155824.480:ERROR:process_memory_win.cc(73)] ReadMemory at 0x7fffa3820000 of 64 bytes failed: Only part of a ReadProcessMemory or WriteProcessMemory request was completed. (0x12B)
[0704/155824.480:WARNING:pe_image_reader.cc(340)] could not read dos header from C:\WINDOWS\SYSTEM32\WINMM.dll
[0704/155824.480:ERROR:process_memory_win.cc(73)] ReadMemory at 0x7fff886a0000 of 64 bytes failed: Only part of a ReadProcessMemory or WriteProcessMemory request was completed. (0x12B)
[0704/155824.480:WARNING:pe_image_reader.cc(340)] could not read dos header from C:\WINDOWS\SYSTEM32\Secur32.dll
[0704/155824.480:ERROR:process_memory_win.cc(73)] ReadMemory at 0x7fffa56d0000 of 64 bytes failed: Only part of a ReadProcessMemory or WriteProcessMemory request was completed. (0x12B)
[0704/155824.480:WARNING:pe_image_reader.cc(340)] could not read dos header from C:\WINDOWS\SYSTEM32\USERENV.dll
[0704/155824.480:ERROR:process_memory_win.cc(73)] ReadMemory at 0x7fffa5860000 of 64 bytes failed: Only part of a ReadProcessMemory or WriteProcessMemory request was completed. (0x12B)
[0704/155824.480:WARNING:pe_image_reader.cc(340)] could not read dos header from C:\WINDOWS\System32\profapi.dll
[0704/155824.480:ERROR:process_memory_win.cc(73)] ReadMemory at 0x7fff7eeb0000 of 64 bytes failed: Only part of a ReadProcessMemory or WriteProcessMemory request was completed. (0x12B)
[0704/155824.480:WARNING:pe_image_reader.cc(340)] could not read dos header from C:\WINDOWS\SYSTEM32\UIAutomationCore.DLL
[0704/155824.480:ERROR:process_memory_win.cc(73)] ReadMemory at 0x7fff89080000 of 64 bytes failed: Only part of a ReadProcessMemory or WriteProcessMemory request was completed. (0x12B)
[0704/155824.480:WARNING:pe_image_reader.cc(340)] could not read dos header from C:\WINDOWS\SYSTEM32\DWrite.dll
[0704/155824.480:ERROR:process_memory_win.cc(73)] ReadMemory at 0x7fff989f0000 of 64 bytes failed: Only part of a ReadProcessMemory or WriteProcessMemory request was completed. (0x12B)
[0704/155824.480:WARNING:pe_image_reader.cc(340)] could not read dos header from C:\WINDOWS\SYSTEM32\WINSPOOL.DRV
[0704/155824.480:ERROR:process_memory_win.cc(73)] ReadMemory at 0x7fffa57f0000 of 64 bytes failed: Only part of a ReadProcessMemory or WriteProcessMemory request was completed. (0x12B)
[0704/155824.480:WARNING:pe_image_reader.cc(340)] could not read dos header from C:\WINDOWS\System32\kernel.appcore.dll
[0704/155824.480:ERROR:process_memory_win.cc(73)] ReadMemory at 0x7fffa6640000 of 64 bytes failed: Only part of a ReadProcessMemory or WriteProcessMemory request was completed. (0x12B)
[0704/155824.480:WARNING:pe_image_reader.cc(340)] could not read dos header from C:\WINDOWS\System32\bcrypt.dll
[0704/155824.480:ERROR:process_memory_win.cc(73)] ReadMemory at 0x7fffa4100000 of 64 bytes failed: Only part of a ReadProcessMemory or WriteProcessMemory request was completed. (0x12B)
[0704/155824.480:WARNING:pe_image_reader.cc(340)] could not read dos header from C:\WINDOWS\SYSTEM32\dbghelp.dll
[0704/155824.480:ERROR:process_memory_win.cc(73)] ReadMemory at 0x7fff9f750000 of 64 bytes failed: Only part of a ReadProcessMemory or WriteProcessMemory request was completed. (0x12B)
[0704/155824.480:WARNING:pe_image_reader.cc(340)] could not read dos header from C:\WINDOWS\SYSTEM32\WINHTTP.dll
[0704/155824.480:ERROR:process_memory_win.cc(73)] ReadMemory at 0x7fff9d0a0000 of 64 bytes failed: Only part of a ReadProcessMemory or WriteProcessMemory request was completed. (0x12B)
[0704/155824.480:WARNING:pe_image_reader.cc(340)] could not read dos header from C:\WINDOWS\SYSTEM32\dhcpcsvc.DLL
[0704/155824.481:ERROR:process_memory_win.cc(73)] ReadMemory at 0x7fffa80c0000 of 64 bytes failed: Only part of a ReadProcessMemory or WriteProcessMemory request was completed. (0x12B)
[0704/155824.481:WARNING:pe_image_reader.cc(340)] could not read dos header from C:\WINDOWS\System32\NSI.dll
[0704/155824.481:ERROR:process_memory_win.cc(73)] ReadMemory at 0x7fffa37f0000 of 64 bytes failed: Only part of a ReadProcessMemory or WriteProcessMemory request was completed. (0x12B)
[0704/155824.481:WARNING:pe_image_reader.cc(340)] could not read dos header from C:\WINDOWS\SYSTEM32\WINMMBASE.dll
[0704/155824.481:ERROR:process_memory_win.cc(73)] ReadMemory at 0x7fffa5930000 of 64 bytes failed: Only part of a ReadProcessMemory or WriteProcessMemory request was completed. (0x12B)
[0704/155824.481:WARNING:pe_image_reader.cc(340)] could not read dos header from C:\WINDOWS\System32\cfgmgr32.dll
[0704/155824.481:ERROR:process_memory_win.cc(73)] ReadMemory at 0x7fffa3700000 of 64 bytes failed: Only part of a ReadProcessMemory or WriteProcessMemory request was completed. (0x12B)
[0704/155824.481:WARNING:pe_image_reader.cc(340)] could not read dos header from C:\WINDOWS\SYSTEM32\PROPSYS.dll
[0704/155824.481:ERROR:process_memory_win.cc(73)] ReadMemory at 0x7fffa8010000 of 64 bytes failed: Only part of a ReadProcessMemory or WriteProcessMemory request was completed. (0x12B)
[0704/155824.481:WARNING:pe_image_reader.cc(340)] could not read dos header from C:\WINDOWS\System32\shcore.dll
[0704/155824.481:ERROR:process_memory_win.cc(73)] ReadMemory at 0x7fffa5700000 of 64 bytes failed: Only part of a ReadProcessMemory or WriteProcessMemory request was completed. (0x12B)
[0704/155824.481:WARNING:pe_image_reader.cc(340)] could not read dos header from C:\WINDOWS\SYSTEM32\SSPICLI.DLL
[0704/155824.481:ERROR:process_memory_win.cc(73)] ReadMemory at 0x7fffa71b0000 of 64 bytes failed: Only part of a ReadProcessMemory or WriteProcessMemory request was completed. (0x12B)
[0704/155824.481:WARNING:pe_image_reader.cc(340)] could not read dos header from C:\WINDOWS\System32\SHELL32.dll
[0704/155824.481:ERROR:process_memory_win.cc(73)] ReadMemory at 0x7fffa5a80000 of 64 bytes failed: Only part of a ReadProcessMemory or WriteProcessMemory request was completed. (0x12B)
[0704/155824.481:WARNING:pe_image_reader.cc(340)] could not read dos header from C:\WINDOWS\System32\windows.storage.dll
[0704/155824.481:ERROR:process_memory_win.cc(73)] ReadMemory at 0x7fffa5810000 of 64 bytes failed: Only part of a ReadProcessMemory or WriteProcessMemory request was completed. (0x12B)
[0704/155824.481:WARNING:pe_image_reader.cc(340)] could not read dos header from C:\WINDOWS\System32\powrprof.dll
[0704/155824.481:ERROR:process_memory_win.cc(73)] ReadMemory at 0x7fffa57e0000 of 64 bytes failed: Only part of a ReadProcessMemory or WriteProcessMemory request was completed. (0x12B)
[0704/155824.481:WARNING:pe_image_reader.cc(340)] could not read dos header from C:\WINDOWS\System32\UMPDC.dll
[0704/155824.481:ERROR:process_memory_win.cc(73)] ReadMemory at 0x7fffa6fd0000 of 64 bytes failed: Only part of a ReadProcessMemory or WriteProcessMemory request was completed. (0x12B)
[0704/155824.481:WARNING:pe_image_reader.cc(340)] could not read dos header from C:\WINDOWS\System32\shlwapi.dll
[0704/155824.481:ERROR:process_memory_win.cc(73)] ReadMemory at 0x7fffa8720000 of 64 bytes failed: Only part of a ReadProcessMemory or WriteProcessMemory request was completed. (0x12B)
[0704/155824.481:WARNING:pe_image_reader.cc(340)] could not read dos header from C:\WINDOWS\System32\GDI32.dll
[0704/155824.481:ERROR:process_memory_win.cc(73)] ReadMemory at 0x7fffa6610000 of 64 bytes failed: Only part of a ReadProcessMemory or WriteProcessMemory request was completed. (0x12B)
[0704/155824.481:WARNING:pe_image_reader.cc(340)] could not read dos header from C:\WINDOWS\System32\win32u.dll
[0704/155824.481:ERROR:process_memory_win.cc(73)] ReadMemory at 0x7fffa6300000 of 64 bytes failed: Only part of a ReadProcessMemory or WriteProcessMemory request was completed. (0x12B)
[0704/155824.481:WARNING:pe_image_reader.cc(340)] could not read dos header from C:\WINDOWS\System32\gdi32full.dll
[0704/155824.481:ERROR:process_memory_win.cc(73)] ReadMemory at 0x7fffa83d0000 of 64 bytes failed: Only part of a ReadProcessMemory or WriteProcessMemory request was completed. (0x12B)
[0704/155824.481:WARNING:pe_image_reader.cc(340)] could not read dos header from C:\WINDOWS\System32\USER32.dll
[0704/155824.481:ERROR:process_memory_win.cc(73)] ReadMemory at 0x7fffa65f0000 of 64 bytes failed: Only part of a ReadProcessMemory or WriteProcessMemory request was completed. (0x12B)
[0704/155824.481:WARNING:pe_image_reader.cc(340)] could not read dos header from C:\WINDOWS\System32\cryptsp.dll
[0704/155824.481:ERROR:process_memory_win.cc(73)] ReadMemory at 0x7fffa6de0000 of 64 bytes failed: Only part of a ReadProcessMemory or WriteProcessMemory request was completed. (0x12B)
[0704/155824.481:WARNING:pe_image_reader.cc(340)] could not read dos header from C:\WINDOWS\System32\IMM32.DLL
[0704/155824.481:ERROR:process_memory_win.cc(73)] ReadMemory at 0x7fffa51c0000 of 64 bytes failed: Only part of a ReadProcessMemory or WriteProcessMemory request was completed. (0x12B)
[0704/155824.482:WARNING:pe_image_reader.cc(340)] could not read dos header from C:\WINDOWS\SYSTEM32\CRYPTBASE.DLL
[0704/155824.485:ERROR:process_memory_win.cc(73)] ReadMemory at 0x7ff774ad0000 of 64 bytes failed: Only part of a ReadProcessMemory or WriteProcessMemory request was completed. (0x12B)
[0704/155824.485:WARNING:pe_image_reader.cc(340)] could not read dos header from C:\Program Files (x86)\Google\Chrome\Application\chrome.exe
[0704/155824.485:ERROR:process_memory_win.cc(73)] ReadMemory at 0x7fffa8920000 of 64 bytes failed: Only part of a ReadProcessMemory or WriteProcessMemory request was completed. (0x12B)
[0704/155824.485:WARNING:pe_image_reader.cc(340)] could not read dos header from C:\WINDOWS\SYSTEM32\ntdll.dll
[0704/155824.485:ERROR:process_memory_win.cc(73)] ReadMemory at 0x7fffa7030000 of 64 bytes failed: Only part of a ReadProcessMemory or WriteProcessMemory request was completed. (0x12B)
[0704/155824.485:WARNING:pe_image_reader.cc(340)] could not read dos header from C:\WINDOWS\System32\KERNEL32.DLL
[0704/155824.485:ERROR:process_memory_win.cc(73)] ReadMemory at 0x7fffa6670000 of 64 bytes failed: Only part of a ReadProcessMemory or WriteProcessMemory request was completed. (0x12B)
[0704/155824.485:WARNING:pe_image_reader.cc(340)] could not read dos header from C:\WINDOWS\System32\KERNELBASE.dll
[0704/155824.485:ERROR:process_memory_win.cc(73)] ReadMemory at 0x7fff9a7b0000 of 64 bytes failed: Only part of a ReadProcessMemory or WriteProcessMemory request was completed. (0x12B)
[0704/155824.485:WARNING:pe_image_reader.cc(340)] could not read dos header from C:\Program Files (x86)\Google\Chrome\Application\83.0.4103.116\chrome_elf.dll
[0704/155824.485:ERROR:process_memory_win.cc(73)] ReadMemory at 0x7fff9bad0000 of 64 bytes failed: Only part of a ReadProcessMemory or WriteProcessMemory request was completed. (0x12B)
[0704/155824.485:WARNING:pe_image_reader.cc(340)] could not read dos header from C:\WINDOWS\SYSTEM32\VERSION.dll
[0704/155824.485:ERROR:process_memory_win.cc(73)] ReadMemory at 0x7fffa87c0000 of 64 bytes failed: Only part of a ReadProcessMemory or WriteProcessMemory request was completed. (0x12B)
[0704/155824.485:WARNING:pe_image_reader.cc(340)] could not read dos header from C:\WINDOWS\System32\msvcrt.dll
[0704/155824.485:ERROR:process_memory_win.cc(73)] ReadMemory at 0x7fffa58b0000 of 64 bytes failed: Only part of a ReadProcessMemory or WriteProcessMemory request was completed. (0x12B)
[0704/155824.485:WARNING:pe_image_reader.cc(340)] could not read dos header from C:\WINDOWS\System32\bcryptPrimitives.dll
[0704/155824.485:ERROR:process_memory_win.cc(73)] ReadMemory at 0x7fffa7100000 of 64 bytes failed: Only part of a ReadProcessMemory or WriteProcessMemory request was completed. (0x12B)
[0704/155824.485:WARNING:pe_image_reader.cc(340)] could not read dos header from C:\WINDOWS\System32\ADVAPI32.dll
[0704/155824.485:ERROR:process_memory_win.cc(73)] ReadMemory at 0x7fffa7d20000 of 64 bytes failed: Only part of a ReadProcessMemory or WriteProcessMemory request was completed. (0x12B)
[0704/155824.485:WARNING:pe_image_reader.cc(340)] could not read dos header from C:\WINDOWS\System32\sechost.dll
[0704/155824.485:ERROR:process_memory_win.cc(73)] ReadMemory at 0x7fffa7e90000 of 64 bytes failed: Only part of a ReadProcessMemory or WriteProcessMemory request was completed. (0x12B)
[0704/155824.485:WARNING:pe_image_reader.cc(340)] could not read dos header from C:\WINDOWS\System32\RPCRT4.dll
[0704/155824.485:ERROR:process_memory_win.cc(73)] ReadMemory at 0x7fff3b4d0000 of 64 bytes failed: Only part of a ReadProcessMemory or WriteProcessMemory request was completed. (0x12B)
[0704/155824.485:WARNING:pe_image_reader.cc(340)] could not read dos header from C:\Program Files (x86)\Google\Chrome\Application\83.0.4103.116\chrome.dll
[0704/155824.485:ERROR:process_memory_win.cc(73)] ReadMemory at 0x7fffa8290000 of 64 bytes failed: Only part of a ReadProcessMemory or WriteProcessMemory request was completed. (0x12B)
[0704/155824.485:WARNING:pe_image_reader.cc(340)] could not read dos header from C:\WINDOWS\System32\WS2_32.dll
[0704/155824.485:ERROR:process_memory_win.cc(73)] ReadMemory at 0x7fffa7dc0000 of 64 bytes failed: Only part of a ReadProcessMemory or WriteProcessMemory request was completed. (0x12B)
[0704/155824.486:WARNING:pe_image_reader.cc(340)] could not read dos header from C:\WINDOWS\System32\OLEAUT32.dll
[0704/155824.486:ERROR:process_memory_win.cc(73)] ReadMemory at 0x7fffa59e0000 of 64 bytes failed: Only part of a ReadProcessMemory or WriteProcessMemory request was completed. (0x12B)
[0704/155824.486:WARNING:pe_image_reader.cc(340)] could not read dos header from C:\WINDOWS\System32\msvcp_win.dll
[0704/155824.486:ERROR:process_memory_win.cc(73)] ReadMemory at 0x7fffa6200000 of 64 bytes failed: Only part of a ReadProcessMemory or WriteProcessMemory request was completed. (0x12B)
[0704/155824.486:WARNING:pe_image_reader.cc(340)] could not read dos header from C:\WINDOWS\System32\ucrtbase.dll
[0704/155824.486:ERROR:process_memory_win.cc(73)] ReadMemory at 0x7fffa69d0000 of 64 bytes failed: Only part of a ReadProcessMemory or WriteProcessMemory request was completed. (0x12B)
[0704/155824.486:WARNING:pe_image_reader.cc(340)] could not read dos header from C:\WINDOWS\System32\combase.dll
[0704/155824.486:ERROR:process_memory_win.cc(73)] ReadMemory at 0x7fffa5980000 of 64 bytes failed: Only part of a ReadProcessMemory or WriteProcessMemory request was completed. (0x12B)
[0704/155824.486:WARNING:pe_image_reader.cc(340)] could not read dos header from C:\WINDOWS\System32\WINTRUST.dll
[0704/155824.486:ERROR:process_memory_win.cc(73)] ReadMemory at 0x7fffa5890000 of 64 bytes failed: Only part of a ReadProcessMemory or WriteProcessMemory request was completed. (0x12B)
[0704/155824.486:WARNING:pe_image_reader.cc(340)] could not read dos header from C:\WINDOWS\System32\MSASN1.dll
[0704/155824.486:ERROR:process_memory_win.cc(73)] ReadMemory at 0x7fffa64a0000 of 64 bytes failed: Only part of a ReadProcessMemory or WriteProcessMemory request was completed. (0x12B)
[0704/155824.486:WARNING:pe_image_reader.cc(340)] could not read dos header from C:\WINDOWS\System32\CRYPT32.dll
[0704/155824.486:ERROR:process_memory_win.cc(73)] ReadMemory at 0x7fffa4d00000 of 64 bytes failed: Only part of a ReadProcessMemory or WriteProcessMemory request was completed. (0x12B)
[0704/155824.486:WARNING:pe_image_reader.cc(340)] could not read dos header from C:\WINDOWS\SYSTEM32\IPHLPAPI.DLL
[0704/155824.486:ERROR:process_memory_win.cc(73)] ReadMemory at 0x7fffa3820000 of 64 bytes failed: Only part of a ReadProcessMemory or WriteProcessMemory request was completed. (0x12B)
[0704/155824.486:WARNING:pe_image_reader.cc(340)] could not read dos header from C:\WINDOWS\SYSTEM32\WINMM.dll
[0704/155824.486:ERROR:process_memory_win.cc(73)] ReadMemory at 0x7fff886a0000 of 64 bytes failed: Only part of a ReadProcessMemory or WriteProcessMemory request was completed. (0x12B)
[0704/155824.486:WARNING:pe_image_reader.cc(340)] could not read dos header from C:\WINDOWS\SYSTEM32\Secur32.dll
[0704/155824.486:ERROR:process_memory_win.cc(73)] ReadMemory at 0x7fffa56d0000 of 64 bytes failed: Only part of a ReadProcessMemory or WriteProcessMemory request was completed. (0x12B)
[0704/155824.486:WARNING:pe_image_reader.cc(340)] could not read dos header from C:\WINDOWS\SYSTEM32\USERENV.dll
[0704/155824.486:ERROR:process_memory_win.cc(73)] ReadMemory at 0x7fffa5860000 of 64 bytes failed: Only part of a ReadProcessMemory or WriteProcessMemory request was completed. (0x12B)
[0704/155824.486:WARNING:pe_image_reader.cc(340)] could not read dos header from C:\WINDOWS\System32\profapi.dll
[0704/155824.486:ERROR:process_memory_win.cc(73)] ReadMemory at 0x7fff7eeb0000 of 64 bytes failed: Only part of a ReadProcessMemory or WriteProcessMemory request was completed. (0x12B)
[0704/155824.486:WARNING:pe_image_reader.cc(340)] could not read dos header from C:\WINDOWS\SYSTEM32\UIAutomationCore.DLL
[0704/155824.486:ERROR:process_memory_win.cc(73)] ReadMemory at 0x7fff89080000 of 64 bytes failed: Only part of a ReadProcessMemory or WriteProcessMemory request was completed. (0x12B)
[0704/155824.486:WARNING:pe_image_reader.cc(340)] could not read dos header from C:\WINDOWS\SYSTEM32\DWrite.dll
[0704/155824.486:ERROR:process_memory_win.cc(73)] ReadMemory at 0x7fff989f0000 of 64 bytes failed: Only part of a ReadProcessMemory or WriteProcessMemory request was completed. (0x12B)
[0704/155824.486:WARNING:pe_image_reader.cc(340)] could not read dos header from C:\WINDOWS\SYSTEM32\WINSPOOL.DRV
[0704/155824.486:ERROR:process_memory_win.cc(73)] ReadMemory at 0x7fffa57f0000 of 64 bytes failed: Only part of a ReadProcessMemory or WriteProcessMemory request was completed. (0x12B)
[0704/155824.486:WARNING:pe_image_reader.cc(340)] could not read dos header from C:\WINDOWS\System32\kernel.appcore.dll
[0704/155824.486:ERROR:process_memory_win.cc(73)] ReadMemory at 0x7fffa6640000 of 64 bytes failed: Only part of a ReadProcessMemory or WriteProcessMemory request was completed. (0x12B)
[0704/155824.486:WARNING:pe_image_reader.cc(340)] could not read dos header from C:\WINDOWS\System32\bcrypt.dll
[0704/155824.486:ERROR:process_memory_win.cc(73)] ReadMemory at 0x7fffa4100000 of 64 bytes failed: Only part of a ReadProcessMemory or WriteProcessMemory request was completed. (0x12B)
[0704/155824.486:WARNING:pe_image_reader.cc(340)] could not read dos header from C:\WINDOWS\SYSTEM32\dbghelp.dll
[0704/155824.486:ERROR:process_memory_win.cc(73)] ReadMemory at 0x7fff9f750000 of 64 bytes failed: Only part of a ReadProcessMemory or WriteProcessMemory request was completed. (0x12B)
[0704/155824.486:WARNING:pe_image_reader.cc(340)] could not read dos header from C:\WINDOWS\SYSTEM32\WINHTTP.dll
[0704/155824.486:ERROR:process_memory_win.cc(73)] ReadMemory at 0x7fff9d0a0000 of 64 bytes failed: Only part of a ReadProcessMemory or WriteProcessMemory request was completed. (0x12B)
[0704/155824.486:WARNING:pe_image_reader.cc(340)] could not read dos header from C:\WINDOWS\SYSTEM32\dhcpcsvc.DLL
[0704/155824.486:ERROR:process_memory_win.cc(73)] ReadMemory at 0x7fffa80c0000 of 64 bytes failed: Only part of a ReadProcessMemory or WriteProcessMemory request was completed. (0x12B)
[0704/155824.486:WARNING:pe_image_reader.cc(340)] could not read dos header from C:\WINDOWS\System32\NSI.dll
[0704/155824.486:ERROR:process_memory_win.cc(73)] ReadMemory at 0x7fffa37f0000 of 64 bytes failed: Only part of a ReadProcessMemory or WriteProcessMemory request was completed. (0x12B)
[0704/155824.486:WARNING:pe_image_reader.cc(340)] could not read dos header from C:\WINDOWS\SYSTEM32\WINMMBASE.dll
[0704/155824.486:ERROR:process_memory_win.cc(73)] ReadMemory at 0x7fffa5930000 of 64 bytes failed: Only part of a ReadProcessMemory or WriteProcessMemory request was completed. (0x12B)
[0704/155824.486:WARNING:pe_image_reader.cc(340)] could not read dos header from C:\WINDOWS\System32\cfgmgr32.dll
[0704/155824.486:ERROR:process_memory_win.cc(73)] ReadMemory at 0x7fffa3700000 of 64 bytes failed: Only part of a ReadProcessMemory or WriteProcessMemory request was completed. (0x12B)
[0704/155824.486:WARNING:pe_image_reader.cc(340)] could not read dos header from C:\WINDOWS\SYSTEM32\PROPSYS.dll
[0704/155824.487:ERROR:process_memory_win.cc(73)] ReadMemory at 0x7fffa8010000 of 64 bytes failed: Only part of a ReadProcessMemory or WriteProcessMemory request was completed. (0x12B)
[0704/155824.487:WARNING:pe_image_reader.cc(340)] could not read dos header from C:\WINDOWS\System32\shcore.dll
[0704/155824.487:ERROR:process_memory_win.cc(73)] ReadMemory at 0x7fffa5700000 of 64 bytes failed: Only part of a ReadProcessMemory or WriteProcessMemory request was completed. (0x12B)
[0704/155824.487:WARNING:pe_image_reader.cc(340)] could not read dos header from C:\WINDOWS\SYSTEM32\SSPICLI.DLL
[0704/155824.487:ERROR:process_memory_win.cc(73)] ReadMemory at 0x7fffa71b0000 of 64 bytes failed: Only part of a ReadProcessMemory or WriteProcessMemory request was completed. (0x12B)
[0704/155824.487:WARNING:pe_image_reader.cc(340)] could not read dos header from C:\WINDOWS\System32\SHELL32.dll
[0704/155824.487:ERROR:process_memory_win.cc(73)] ReadMemory at 0x7fffa5a80000 of 64 bytes failed: Only part of a ReadProcessMemory or WriteProcessMemory request was completed. (0x12B)
[0704/155824.487:WARNING:pe_image_reader.cc(340)] could not read dos header from C:\WINDOWS\System32\windows.storage.dll
[0704/155824.487:ERROR:process_memory_win.cc(73)] ReadMemory at 0x7fffa5810000 of 64 bytes failed: Only part of a ReadProcessMemory or WriteProcessMemory request was completed. (0x12B)
[0704/155824.487:WARNING:pe_image_reader.cc(340)] could not read dos header from C:\WINDOWS\System32\powrprof.dll
[0704/155824.487:ERROR:process_memory_win.cc(73)] ReadMemory at 0x7fffa57e0000 of 64 bytes failed: Only part of a ReadProcessMemory or WriteProcessMemory request was completed. (0x12B)
[0704/155824.487:WARNING:pe_image_reader.cc(340)] could not read dos header from C:\WINDOWS\System32\UMPDC.dll
[0704/155824.487:ERROR:process_memory_win.cc(73)] ReadMemory at 0x7fffa6fd0000 of 64 bytes failed: Only part of a ReadProcessMemory or WriteProcessMemory request was completed. (0x12B)
[0704/155824.487:WARNING:pe_image_reader.cc(340)] could not read dos header from C:\WINDOWS\System32\shlwapi.dll
[0704/155824.487:ERROR:process_memory_win.cc(73)] ReadMemory at 0x7fffa8720000 of 64 bytes failed: Only part of a ReadProcessMemory or WriteProcessMemory request was completed. (0x12B)
[0704/155824.487:WARNING:pe_image_reader.cc(340)] could not read dos header from C:\WINDOWS\System32\GDI32.dll
[0704/155824.487:ERROR:process_memory_win.cc(73)] ReadMemory at 0x7fffa6610000 of 64 bytes failed: Only part of a ReadProcessMemory or WriteProcessMemory request was completed. (0x12B)
[0704/155824.487:WARNING:pe_image_reader.cc(340)] could not read dos header from C:\WINDOWS\System32\win32u.dll
[0704/155824.487:ERROR:process_memory_win.cc(73)] ReadMemory at 0x7fffa6300000 of 64 bytes failed: Only part of a ReadProcessMemory or WriteProcessMemory request was completed. (0x12B)
[0704/155824.487:WARNING:pe_image_reader.cc(340)] could not read dos header from C:\WINDOWS\System32\gdi32full.dll
[0704/155824.487:ERROR:process_memory_win.cc(73)] ReadMemory at 0x7fffa83d0000 of 64 bytes failed: Only part of a ReadProcessMemory or WriteProcessMemory request was completed. (0x12B)
[0704/155824.487:WARNING:pe_image_reader.cc(340)] could not read dos header from C:\WINDOWS\System32\USER32.dll
[0704/155824.487:ERROR:process_memory_win.cc(73)] ReadMemory at 0x7fffa65f0000 of 64 bytes failed: Only part of a ReadProcessMemory or WriteProcessMemory request was completed. (0x12B)
[0704/155824.487:WARNING:pe_image_reader.cc(340)] could not read dos header from C:\WINDOWS\System32\cryptsp.dll
[0704/155824.487:ERROR:process_memory_win.cc(73)] ReadMemory at 0x7fffa6de0000 of 64 bytes failed: Only part of a ReadProcessMemory or WriteProcessMemory request was completed. (0x12B)
[0704/155824.487:WARNING:pe_image_reader.cc(340)] could not read dos header from C:\WINDOWS\System32\IMM32.DLL
[0704/155824.487:ERROR:process_memory_win.cc(73)] ReadMemory at 0x7fffa51c0000 of 64 bytes failed: Only part of a ReadProcessMemory or WriteProcessMemory request was completed. (0x12B)
[0704/155824.487:WARNING:pe_image_reader.cc(340)] could not read dos header from C:\WINDOWS\SYSTEM32\CRYPTBASE.DLL
[0704/155824.487:ERROR:process_memory_win.cc(73)] ReadMemory at 0x7ff774ad0000 of 64 bytes failed: Only part of a ReadProcessMemory or WriteProcessMemory request was completed. (0x12B)
[0704/155824.487:WARNING:pe_image_reader.cc(340)] could not read dos header from C:\Program Files (x86)\Google\Chrome\Application\chrome.exe
[0704/155824.487:ERROR:process_memory_win.cc(73)] ReadMemory at 0x7fffa8920000 of 64 bytes failed: Only part of a ReadProcessMemory or WriteProcessMemory request was completed. (0x12B)
[0704/155824.487:WARNING:pe_image_reader.cc(340)] could not read dos header from C:\WINDOWS\SYSTEM32\ntdll.dll
[0704/155824.487:ERROR:process_memory_win.cc(73)] ReadMemory at 0x7fffa7030000 of 64 bytes failed: Only part of a ReadProcessMemory or WriteProcessMemory request was completed. (0x12B)
[0704/155824.487:WARNING:pe_image_reader.cc(340)] could not read dos header from C:\WINDOWS\System32\KERNEL32.DLL
[0704/155824.487:ERROR:process_memory_win.cc(73)] ReadMemory at 0x7fffa6670000 of 64 bytes failed: Only part of a ReadProcessMemory or WriteProcessMemory request was completed. (0x12B)
[0704/155824.487:WARNING:pe_image_reader.cc(340)] could not read dos header from C:\WINDOWS\System32\KERNELBASE.dll
[0704/155824.487:ERROR:process_memory_win.cc(73)] ReadMemory at 0x7fff9a7b0000 of 64 bytes failed: Only part of a ReadProcessMemory or WriteProcessMemory request was completed. (0x12B)
[0704/155824.487:WARNING:pe_image_reader.cc(340)] could not read dos header from C:\Program Files (x86)\Google\Chrome\Application\83.0.4103.116\chrome_elf.dll
[0704/155824.487:ERROR:process_memory_win.cc(73)] ReadMemory at 0x7fff9bad0000 of 64 bytes failed: Only part of a ReadProcessMemory or WriteProcessMemory request was completed. (0x12B)
[0704/155824.487:WARNING:pe_image_reader.cc(340)] could not read dos header from C:\WINDOWS\SYSTEM32\VERSION.dll
[0704/155824.488:ERROR:process_memory_win.cc(73)] ReadMemory at 0x7fffa87c0000 of 64 bytes failed: Only part of a ReadProcessMemory or WriteProcessMemory request was completed. (0x12B)
[0704/155824.488:WARNING:pe_image_reader.cc(340)] could not read dos header from C:\WINDOWS\System32\msvcrt.dll
[0704/155824.488:ERROR:process_memory_win.cc(73)] ReadMemory at 0x7fffa58b0000 of 64 bytes failed: Only part of a ReadProcessMemory or WriteProcessMemory request was completed. (0x12B)
[0704/155824.488:WARNING:pe_image_reader.cc(340)] could not read dos header from C:\WINDOWS\System32\bcryptPrimitives.dll
[0704/155824.488:ERROR:process_memory_win.cc(73)] ReadMemory at 0x7fffa7100000 of 64 bytes failed: Only part of a ReadProcessMemory or WriteProcessMemory request was completed. (0x12B)
[0704/155824.488:WARNING:pe_image_reader.cc(340)] could not read dos header from C:\WINDOWS\System32\ADVAPI32.dll
[0704/155824.488:ERROR:process_memory_win.cc(73)] ReadMemory at 0x7fffa7d20000 of 64 bytes failed: Only part of a ReadProcessMemory or WriteProcessMemory request was completed. (0x12B)
[0704/155824.488:WARNING:pe_image_reader.cc(340)] could not read dos header from C:\WINDOWS\System32\sechost.dll
[0704/155824.488:ERROR:process_memory_win.cc(73)] ReadMemory at 0x7fffa7e90000 of 64 bytes failed: Only part of a ReadProcessMemory or WriteProcessMemory request was completed. (0x12B)
[0704/155824.488:WARNING:pe_image_reader.cc(340)] could not read dos header from C:\WINDOWS\System32\RPCRT4.dll
[0704/155824.488:ERROR:process_memory_win.cc(73)] ReadMemory at 0x7fff3b4d0000 of 64 bytes failed: Only part of a ReadProcessMemory or WriteProcessMemory request was completed. (0x12B)
[0704/155824.488:WARNING:pe_image_reader.cc(340)] could not read dos header from C:\Program Files (x86)\Google\Chrome\Application\83.0.4103.116\chrome.dll
[0704/155824.488:ERROR:process_memory_win.cc(73)] ReadMemory at 0x7fffa8290000 of 64 bytes failed: Only part of a ReadProcessMemory or WriteProcessMemory request was completed. (0x12B)
[0704/155824.488:WARNING:pe_image_reader.cc(340)] could not read dos header from C:\WINDOWS\System32\WS2_32.dll
[0704/155824.488:ERROR:process_memory_win.cc(73)] ReadMemory at 0x7fffa7dc0000 of 64 bytes failed: Only part of a ReadProcessMemory or WriteProcessMemory request was completed. (0x12B)
[0704/155824.488:WARNING:pe_image_reader.cc(340)] could not read dos header from C:\WINDOWS\System32\OLEAUT32.dll
[0704/155824.488:ERROR:process_memory_win.cc(73)] ReadMemory at 0x7fffa59e0000 of 64 bytes failed: Only part of a ReadProcessMemory or WriteProcessMemory request was completed. (0x12B)
[0704/155824.488:WARNING:pe_image_reader.cc(340)] could not read dos header from C:\WINDOWS\System32\msvcp_win.dll
[0704/155824.488:ERROR:process_memory_win.cc(73)] ReadMemory at 0x7fffa6200000 of 64 bytes failed: Only part of a ReadProcessMemory or WriteProcessMemory request was completed. (0x12B)
[0704/155824.488:WARNING:pe_image_reader.cc(340)] could not read dos header from C:\WINDOWS\System32\ucrtbase.dll
[0704/155824.488:ERROR:process_memory_win.cc(73)] ReadMemory at 0x7fffa69d0000 of 64 bytes failed: Only part of a ReadProcessMemory or WriteProcessMemory request was completed. (0x12B)
[0704/155824.488:WARNING:pe_image_reader.cc(340)] could not read dos header from C:\WINDOWS\System32\combase.dll
[0704/155824.488:ERROR:process_memory_win.cc(73)] ReadMemory at 0x7fffa5980000 of 64 bytes failed: Only part of a ReadProcessMemory or WriteProcessMemory request was completed. (0x12B)
[0704/155824.488:WARNING:pe_image_reader.cc(340)] could not read dos header from C:\WINDOWS\System32\WINTRUST.dll
[0704/155824.488:ERROR:process_memory_win.cc(73)] ReadMemory at 0x7fffa5890000 of 64 bytes failed: Only part of a ReadProcessMemory or WriteProcessMemory request was completed. (0x12B)
[0704/155824.488:WARNING:pe_image_reader.cc(340)] could not read dos header from C:\WINDOWS\System32\MSASN1.dll
[0704/155824.488:ERROR:process_memory_win.cc(73)] ReadMemory at 0x7fffa64a0000 of 64 bytes failed: Only part of a ReadProcessMemory or WriteProcessMemory request was completed. (0x12B)
[0704/155824.488:WARNING:pe_image_reader.cc(340)] could not read dos header from C:\WINDOWS\System32\CRYPT32.dll
[0704/155824.488:ERROR:process_memory_win.cc(73)] ReadMemory at 0x7fffa4d00000 of 64 bytes failed: Only part of a ReadProcessMemory or WriteProcessMemory request was completed. (0x12B)
[0704/155824.488:WARNING:pe_image_reader.cc(340)] could not read dos header from C:\WINDOWS\SYSTEM32\IPHLPAPI.DLL
[0704/155824.488:ERROR:process_memory_win.cc(73)] ReadMemory at 0x7fffa3820000 of 64 bytes failed: Only part of a ReadProcessMemory or WriteProcessMemory request was completed. (0x12B)
[0704/155824.488:WARNING:pe_image_reader.cc(340)] could not read dos header from C:\WINDOWS\SYSTEM32\WINMM.dll
[0704/155824.488:ERROR:process_memory_win.cc(73)] ReadMemory at 0x7fff886a0000 of 64 bytes failed: Only part of a ReadProcessMemory or WriteProcessMemory request was completed. (0x12B)
[0704/155824.488:WARNING:pe_image_reader.cc(340)] could not read dos header from C:\WINDOWS\SYSTEM32\Secur32.dll
[0704/155824.488:ERROR:process_memory_win.cc(73)] ReadMemory at 0x7fffa56d0000 of 64 bytes failed: Only part of a ReadProcessMemory or WriteProcessMemory request was completed. (0x12B)
[0704/155824.488:WARNING:pe_image_reader.cc(340)] could not read dos header from C:\WINDOWS\SYSTEM32\USERENV.dll
[0704/155824.488:ERROR:process_memory_win.cc(73)] ReadMemory at 0x7fffa5860000 of 64 bytes failed: Only part of a ReadProcessMemory or WriteProcessMemory request was completed. (0x12B)
[0704/155824.488:WARNING:pe_image_reader.cc(340)] could not read dos header from C:\WINDOWS\System32\profapi.dll
[0704/155824.488:ERROR:process_memory_win.cc(73)] ReadMemory at 0x7fff7eeb0000 of 64 bytes failed: Only part of a ReadProcessMemory or WriteProcessMemory request was completed. (0x12B)
[0704/155824.488:WARNING:pe_image_reader.cc(340)] could not read dos header from C:\WINDOWS\SYSTEM32\UIAutomationCore.DLL
[0704/155824.488:ERROR:process_memory_win.cc(73)] ReadMemory at 0x7fff89080000 of 64 bytes failed: Only part of a ReadProcessMemory or WriteProcessMemory request was completed. (0x12B)
[0704/155824.488:WARNING:pe_image_reader.cc(340)] could not read dos header from C:\WINDOWS\SYSTEM32\DWrite.dll
[0704/155824.488:ERROR:process_memory_win.cc(73)] ReadMemory at 0x7fff989f0000 of 64 bytes failed: Only part of a ReadProcessMemory or WriteProcessMemory request was completed. (0x12B)
[0704/155824.488:WARNING:pe_image_reader.cc(340)] could not read dos header from C:\WINDOWS\SYSTEM32\WINSPOOL.DRV
[0704/155824.488:ERROR:process_memory_win.cc(73)] ReadMemory at 0x7fffa57f0000 of 64 bytes failed: Only part of a ReadProcessMemory or WriteProcessMemory request was completed. (0x12B)
[0704/155824.488:WARNING:pe_image_reader.cc(340)] could not read dos header from C:\WINDOWS\System32\kernel.appcore.dll
[0704/155824.488:ERROR:process_memory_win.cc(73)] ReadMemory at 0x7fffa6640000 of 64 bytes failed: Only part of a ReadProcessMemory or WriteProcessMemory request was completed. (0x12B)
[0704/155824.488:WARNING:pe_image_reader.cc(340)] could not read dos header from C:\WINDOWS\System32\bcrypt.dll
[0704/155824.488:ERROR:process_memory_win.cc(73)] ReadMemory at 0x7fffa4100000 of 64 bytes failed: Only part of a ReadProcessMemory or WriteProcessMemory request was completed. (0x12B)
[0704/155824.489:WARNING:pe_image_reader.cc(340)] could not read dos header from C:\WINDOWS\SYSTEM32\dbghelp.dll
[0704/155824.489:ERROR:process_memory_win.cc(73)] ReadMemory at 0x7fff9f750000 of 64 bytes failed: Only part of a ReadProcessMemory or WriteProcessMemory request was completed. (0x12B)
[0704/155824.489:WARNING:pe_image_reader.cc(340)] could not read dos header from C:\WINDOWS\SYSTEM32\WINHTTP.dll
[0704/155824.489:ERROR:process_memory_win.cc(73)] ReadMemory at 0x7fff9d0a0000 of 64 bytes failed: Only part of a ReadProcessMemory or WriteProcessMemory request was completed. (0x12B)
[0704/155824.489:WARNING:pe_image_reader.cc(340)] could not read dos header from C:\WINDOWS\SYSTEM32\dhcpcsvc.DLL
[0704/155824.489:ERROR:process_memory_win.cc(73)] ReadMemory at 0x7fffa80c0000 of 64 bytes failed: Only part of a ReadProcessMemory or WriteProcessMemory request was completed. (0x12B)
[0704/155824.489:WARNING:pe_image_reader.cc(340)] could not read dos header from C:\WINDOWS\System32\NSI.dll
[0704/155824.489:ERROR:process_memory_win.cc(73)] ReadMemory at 0x7fffa37f0000 of 64 bytes failed: Only part of a ReadProcessMemory or WriteProcessMemory request was completed. (0x12B)
[0704/155824.489:WARNING:pe_image_reader.cc(340)] could not read dos header from C:\WINDOWS\SYSTEM32\WINMMBASE.dll
[0704/155824.489:ERROR:process_memory_win.cc(73)] ReadMemory at 0x7fffa5930000 of 64 bytes failed: Only part of a ReadProcessMemory or WriteProcessMemory request was completed. (0x12B)
[0704/155824.489:WARNING:pe_image_reader.cc(340)] could not read dos header from C:\WINDOWS\System32\cfgmgr32.dll
[0704/155824.489:ERROR:process_memory_win.cc(73)] ReadMemory at 0x7fffa3700000 of 64 bytes failed: Only part of a ReadProcessMemory or WriteProcessMemory request was completed. (0x12B)
[0704/155824.489:WARNING:pe_image_reader.cc(340)] could not read dos header from C:\WINDOWS\SYSTEM32\PROPSYS.dll
[0704/155824.489:ERROR:process_memory_win.cc(73)] ReadMemory at 0x7fffa8010000 of 64 bytes failed: Only part of a ReadProcessMemory or WriteProcessMemory request was completed. (0x12B)
[0704/155824.489:WARNING:pe_image_reader.cc(340)] could not read dos header from C:\WINDOWS\System32\shcore.dll
[0704/155824.489:ERROR:process_memory_win.cc(73)] ReadMemory at 0x7fffa5700000 of 64 bytes failed: Only part of a ReadProcessMemory or WriteProcessMemory request was completed. (0x12B)
[0704/155824.489:WARNING:pe_image_reader.cc(340)] could not read dos header from C:\WINDOWS\SYSTEM32\SSPICLI.DLL
[0704/155824.489:ERROR:process_memory_win.cc(73)] ReadMemory at 0x7fffa71b0000 of 64 bytes failed: Only part of a ReadProcessMemory or WriteProcessMemory request was completed. (0x12B)
[0704/155824.489:WARNING:pe_image_reader.cc(340)] could not read dos header from C:\WINDOWS\System32\SHELL32.dll
[0704/155824.489:ERROR:process_memory_win.cc(73)] ReadMemory at 0x7fffa5a80000 of 64 bytes failed: Only part of a ReadProcessMemory or WriteProcessMemory request was completed. (0x12B)
[0704/155824.489:WARNING:pe_image_reader.cc(340)] could not read dos header from C:\WINDOWS\System32\windows.storage.dll
[0704/155824.489:ERROR:process_memory_win.cc(73)] ReadMemory at 0x7fffa5810000 of 64 bytes failed: Only part of a ReadProcessMemory or WriteProcessMemory request was completed. (0x12B)
[0704/155824.489:WARNING:pe_image_reader.cc(340)] could not read dos header from C:\WINDOWS\System32\powrprof.dll
[0704/155824.489:ERROR:process_memory_win.cc(73)] ReadMemory at 0x7fffa57e0000 of 64 bytes failed: Only part of a ReadProcessMemory or WriteProcessMemory request was completed. (0x12B)
[0704/155824.489:WARNING:pe_image_reader.cc(340)] could not read dos header from C:\WINDOWS\System32\UMPDC.dll
[0704/155824.489:ERROR:process_memory_win.cc(73)] ReadMemory at 0x7fffa6fd0000 of 64 bytes failed: Only part of a ReadProcessMemory or WriteProcessMemory request was completed. (0x12B)
[0704/155824.489:WARNING:pe_image_reader.cc(340)] could not read dos header from C:\WINDOWS\System32\shlwapi.dll
[0704/155824.489:ERROR:process_memory_win.cc(73)] ReadMemory at 0x7fffa8720000 of 64 bytes failed: Only part of a ReadProcessMemory or WriteProcessMemory request was completed. (0x12B)
[0704/155824.489:WARNING:pe_image_reader.cc(340)] could not read dos header from C:\WINDOWS\System32\GDI32.dll
[0704/155824.489:ERROR:process_memory_win.cc(73)] ReadMemory at 0x7fffa6610000 of 64 bytes failed: Only part of a ReadProcessMemory or WriteProcessMemory request was completed. (0x12B)
[0704/155824.489:WARNING:pe_image_reader.cc(340)] could not read dos header from C:\WINDOWS\System32\win32u.dll
[0704/155824.489:ERROR:process_memory_win.cc(73)] ReadMemory at 0x7fffa6300000 of 64 bytes failed: Only part of a ReadProcessMemory or WriteProcessMemory request was completed. (0x12B)
[0704/155824.489:WARNING:pe_image_reader.cc(340)] could not read dos header from C:\WINDOWS\System32\gdi32full.dll
[0704/155824.489:ERROR:process_memory_win.cc(73)] ReadMemory at 0x7fffa83d0000 of 64 bytes failed: Only part of a ReadProcessMemory or WriteProcessMemory request was completed. (0x12B)
[0704/155824.489:WARNING:pe_image_reader.cc(340)] could not read dos header from C:\WINDOWS\System32\USER32.dll
[0704/155824.489:ERROR:process_memory_win.cc(73)] ReadMemory at 0x7fffa65f0000 of 64 bytes failed: Only part of a ReadProcessMemory or WriteProcessMemory request was completed. (0x12B)
[0704/155824.489:WARNING:pe_image_reader.cc(340)] could not read dos header from C:\WINDOWS\System32\cryptsp.dll
[0704/155824.489:ERROR:process_memory_win.cc(73)] ReadMemory at 0x7fffa6de0000 of 64 bytes failed: Only part of a ReadProcessMemory or WriteProcessMemory request was completed. (0x12B)
[0704/155824.489:WARNING:pe_image_reader.cc(340)] could not read dos header from C:\WINDOWS\System32\IMM32.DLL
[0704/155824.489:ERROR:process_memory_win.cc(73)] ReadMemory at 0x7fffa51c0000 of 64 bytes failed: Only part of a ReadProcessMemory or WriteProcessMemory request was completed. (0x12B)
[0704/155824.489:WARNING:pe_image_reader.cc(340)] could not read dos header from C:\WINDOWS\SYSTEM32\CRYPTBASE.DLL
[0704/155824.498:ERROR:process_memory_win.cc(73)] ReadMemory at 0xece09e5000 of 110592 bytes failed: Only part of a ReadProcessMemory or WriteProcessMemory request was completed. (0x12B)
[0704/155824.498:ERROR:process_memory_win.cc(73)] ReadMemory at 0xece11fd000 of 12288 bytes failed: Only part of a ReadProcessMemory or WriteProcessMemory request was completed. (0x12B)
[0704/155824.498:ERROR:process_memory_win.cc(73)] ReadMemory at 0xece21fd000 of 12288 bytes failed: Only part of a ReadProcessMemory or WriteProcessMemory request was completed. (0x12B)
[0704/155824.498:ERROR:process_memory_win.cc(73)] ReadMemory at 0xece29fb000 of 20480 bytes failed: Only part of a ReadProcessMemory or WriteProcessMemory request was completed. (0x12B)
[0704/155824.498:ERROR:process_memory_win.cc(73)] ReadMemory at 0xece31fe000 of 8192 bytes failed: Only part of a ReadProcessMemory or WriteProcessMemory request was completed. (0x12B)
[0704/155824.498:ERROR:process_memory_win.cc(73)] ReadMemory at 0xece39fd000 of 12288 bytes failed: Only part of a ReadProcessMemory or WriteProcessMemory request was completed. (0x12B)
[0704/155824.498:ERROR:process_memory_win.cc(73)] ReadMemory at 0xece41fb000 of 20480 bytes failed: Only part of a ReadProcessMemory or WriteProcessMemory request was completed. (0x12B)
[0704/155824.498:ERROR:process_memory_win.cc(73)] ReadMemory at 0xece51fd000 of 12288 bytes failed: Only part of a ReadProcessMemory or WriteProcessMemory request was completed. (0x12B)
[0704/155824.498:ERROR:process_memory_win.cc(73)] ReadMemory at 0xece59f7000 of 36864 bytes failed: Only part of a ReadProcessMemory or WriteProcessMemory request was completed. (0x12B)
[0704/155824.498:ERROR:process_memory_win.cc(73)] ReadMemory at 0xece61f5000 of 45056 bytes failed: Only part of a ReadProcessMemory or WriteProcessMemory request was completed. (0x12B)
[0704/155824.498:ERROR:process_memory_win.cc(73)] ReadMemory at 0xece69fc000 of 16384 bytes failed: Only part of a ReadProcessMemory or WriteProcessMemory request was completed. (0x12B)
[0704/155824.498:ERROR:process_memory_win.cc(73)] ReadMemory at 0xece89fd000 of 12288 bytes failed: Only part of a ReadProcessMemory or WriteProcessMemory request was completed. (0x12B)
[0704/155824.498:ERROR:process_memory_win.cc(73)] ReadMemory at 0xece19fd000 of 12288 bytes failed: Only part of a ReadProcessMemory or WriteProcessMemory request was completed. (0x12B)
[0704/155824.498:ERROR:process_memory_win.cc(73)] ReadMemory at 0xece49fd000 of 12288 bytes failed: Only part of a ReadProcessMemory or WriteProcessMemory request was completed. (0x12B)
[0704/155824.498:ERROR:process_memory_win.cc(73)] ReadMemory at 0xece71fc000 of 16384 bytes failed: Only part of a ReadProcessMemory or WriteProcessMemory request was completed. (0x12B)
[0704/155824.498:ERROR:process_memory_win.cc(73)] ReadMemory at 0xece79fd000 of 12288 bytes failed: Only part of a ReadProcessMemory or WriteProcessMemory request was completed. (0x12B)
[0704/155824.498:ERROR:process_memory_win.cc(73)] ReadMemory at 0xece81fd000 of 12288 bytes failed: Only part of a ReadProcessMemory or WriteProcessMemory request was completed. (0x12B)
[0704/155824.498:ERROR:process_memory_win.cc(73)] ReadMemory at 0xece0002000 of 6024 bytes failed: Only part of a ReadProcessMemory or WriteProcessMemory request was completed. (0x12B)
[0704/155824.498:ERROR:process_memory_win.cc(73)] ReadMemory at 0xece0004000 of 6024 bytes failed: Only part of a ReadProcessMemory or WriteProcessMemory request was completed. (0x12B)
[0704/155824.498:ERROR:process_memory_win.cc(73)] ReadMemory at 0xece0008000 of 6024 bytes failed: Only part of a ReadProcessMemory or WriteProcessMemory request was completed. (0x12B)
[0704/155824.498:ERROR:process_memory_win.cc(73)] ReadMemory at 0xece0010000 of 6024 bytes failed: Only part of a ReadProcessMemory or WriteProcessMemory request was completed. (0x12B)
[0704/155824.498:ERROR:process_memory_win.cc(73)] ReadMemory at 0xece0020000 of 6024 bytes failed: Only part of a ReadProcessMemory or WriteProcessMemory request was completed. (0x12B)
[0704/155824.498:ERROR:process_memory_win.cc(73)] ReadMemory at 0xece0022000 of 6024 bytes failed: Only part of a ReadProcessMemory or WriteProcessMemory request was completed. (0x12B)
[0704/155824.498:ERROR:process_memory_win.cc(73)] ReadMemory at 0xece01e1000 of 852 bytes failed: Only part of a ReadProcessMemory or WriteProcessMemory request was completed. (0x12B)
[0704/155824.498:ERROR:process_memory_win.cc(73)] ReadMemory at 0xece01e2000 of 6024 bytes failed: Only part of a ReadProcessMemory or WriteProcessMemory request was completed. (0x12B)
[0704/155824.498:ERROR:process_memory_win.cc(73)] ReadMemory at 0xece01e4000 of 6024 bytes failed: Only part of a ReadProcessMemory or WriteProcessMemory request was completed. (0x12B)
[0704/155824.498:ERROR:process_memory_win.cc(73)] ReadMemory at 0xece01e8000 of 6024 bytes failed: Only part of a ReadProcessMemory or WriteProcessMemory request was completed. (0x12B)
[0704/155824.498:ERROR:process_memory_win.cc(73)] ReadMemory at 0xece01ea000 of 6024 bytes failed: Only part of a ReadProcessMemory or WriteProcessMemory request was completed. (0x12B)
[0704/155824.498:ERROR:process_memory_win.cc(73)] ReadMemory at 0xece01ec000 of 6024 bytes failed: Only part of a ReadProcessMemory or WriteProcessMemory request was completed. (0x12B)
[0704/155824.498:ERROR:process_memory_win.cc(73)] ReadMemory at 0xece01ee000 of 6024 bytes failed: Only part of a ReadProcessMemory or WriteProcessMemory request was completed. (0x12B)
[0704/155824.498:ERROR:process_memory_win.cc(73)] ReadMemory at 0xece01f0000 of 6024 bytes failed: Only part of a ReadProcessMemory or WriteProcessMemory request was completed. (0x12B)
[0704/155824.498:ERROR:process_memory_win.cc(73)] ReadMemory at 0xece01f4000 of 6024 bytes failed: Only part of a ReadProcessMemory or WriteProcessMemory request was completed. (0x12B)
[0704/155824.498:ERROR:process_memory_win.cc(73)] ReadMemory at 0xece01f6000 of 6024 bytes failed: Only part of a ReadProcessMemory or WriteProcessMemory request was completed. (0x12B)
[0704/155824.498:ERROR:process_memory_win.cc(73)] ReadMemory at 0xece01f8000 of 6024 bytes failed: Only part of a ReadProcessMemory or WriteProcessMemory request was completed. (0x12B)
[0704/155824.498:ERROR:process_memory_win.cc(73)] ReadMemory at 0xece01fa000 of 6024 bytes failed: Only part of a ReadProcessMemory or WriteProcessMemory request was completed. (0x12B)
[0704/155824.498:ERROR:process_memory_win.cc(73)] ReadMemory at 0x1f2c3ea0750 of 80 bytes failed: Only part of a ReadProcessMemory or WriteProcessMemory request was completed. (0x12B)
[0704/155824.498:ERROR:process_memory_win.cc(73)] ReadMemory at 0x1f2c3ea0ad0 of 1016 bytes failed: Only part of a ReadProcessMemory or WriteProcessMemory request was completed. (0x12B)
[0704/155824.498:ERROR:process_memory_win.cc(73)] ReadMemory at 0x1f2c3ea0fe0 of 4762 bytes failed: Only part of a ReadProcessMemory or WriteProcessMemory request was completed. (0x12B)
[0704/155824.498:ERROR:process_memory_win.cc(73)] ReadMemory at 0x1f2c3ea2290 of 1012 bytes failed: Only part of a ReadProcessMemory or WriteProcessMemory request was completed. (0x12B)
[0704/155824.498:ERROR:process_memory_win.cc(73)] ReadMemory at 0x1f2c3ea28d8 of 118 bytes failed: Only part of a ReadProcessMemory or WriteProcessMemory request was completed. (0x12B)
[0704/155824.498:ERROR:process_memory_win.cc(73)] ReadMemory at 0x1f2c3ea2950 of 1268 bytes failed: Only part of a ReadProcessMemory or WriteProcessMemory request was completed. (0x12B)
[0704/155824.498:ERROR:process_memory_win.cc(73)] ReadMemory at 0x1f2c3ea2e46 of 118 bytes failed: Only part of a ReadProcessMemory or WriteProcessMemory request was completed. (0x12B)
[0704/155824.498:ERROR:process_memory_win.cc(73)] ReadMemory at 0x1f2c3ea2ebe of 102 bytes failed: Only part of a ReadProcessMemory or WriteProcessMemory request was completed. (0x12B)
[0704/155824.498:ERROR:process_memory_win.cc(73)] ReadMemory at 0x1f2c3ea2f30 of 58 bytes failed: Only part of a ReadProcessMemory or WriteProcessMemory request was completed. (0x12B)
[0704/155824.498:ERROR:process_memory_win.cc(73)] ReadMemory at 0x1f2c3ea3030 of 132 bytes failed: Only part of a ReadProcessMemory or WriteProcessMemory request was completed. (0x12B)
[0704/155824.498:ERROR:process_memory_win.cc(73)] ReadMemory at 0x1f2c3ea31c0 of 132 bytes failed: Only part of a ReadProcessMemory or WriteProcessMemory request was completed. (0x12B)
[0704/155824.498:ERROR:process_memory_win.cc(73)] ReadMemory at 0x1f2c3ea3380 of 126 bytes failed: Only part of a ReadProcessMemory or WriteProcessMemory request was completed. (0x12B)
[0704/155824.498:ERROR:process_memory_win.cc(73)] ReadMemory at 0x1f2c3ea3760 of 132 bytes failed: Only part of a ReadProcessMemory or WriteProcessMemory request was completed. (0x12B)
[0704/155824.498:ERROR:process_memory_win.cc(73)] ReadMemory at 0x1f2c3ea38f0 of 64 bytes failed: Only part of a ReadProcessMemory or WriteProcessMemory request was completed. (0x12B)
[0704/155824.498:ERROR:process_memory_win.cc(73)] ReadMemory at 0x1f2c3ea3ab0 of 132 bytes failed: Only part of a ReadProcessMemory or WriteProcessMemory request was completed. (0x12B)
[0704/155824.498:ERROR:process_memory_win.cc(73)] ReadMemory at 0x1f2c3ea3d50 of 132 bytes failed: Only part of a ReadProcessMemory or WriteProcessMemory request was completed. (0x12B)
[0704/155824.498:ERROR:process_memory_win.cc(73)] ReadMemory at 0x1f2c3ea3ee0 of 68 bytes failed: Only part of a ReadProcessMemory or WriteProcessMemory request was completed. (0x12B)
[0704/155824.498:ERROR:process_memory_win.cc(73)] ReadMemory at 0x1f2c3ea50b0 of 132 bytes failed: Only part of a ReadProcessMemory or WriteProcessMemory request was completed. (0x12B)
[0704/155824.498:ERROR:process_memory_win.cc(73)] ReadMemory at 0x1f2c3ea5240 of 154 bytes failed: Only part of a ReadProcessMemory or WriteProcessMemory request was completed. (0x12B)
[0704/155824.498:ERROR:process_memory_win.cc(73)] ReadMemory at 0x1f2c3ea6350 of 132 bytes failed: Only part of a ReadProcessMemory or WriteProcessMemory request was completed. (0x12B)
[0704/155824.498:ERROR:process_memory_win.cc(73)] ReadMemory at 0x1f2c3ea6cf0 of 62 bytes failed: Only part of a ReadProcessMemory or WriteProcessMemory request was completed. (0x12B)
[0704/155824.498:ERROR:process_memory_win.cc(73)] ReadMemory at 0x1f2c3ea6d70 of 146 bytes failed: Only part of a ReadProcessMemory or WriteProcessMemory request was completed. (0x12B)
[0704/155824.498:ERROR:process_memory_win.cc(73)] ReadMemory at 0x1f2c3ea6e50 of 132 bytes failed: Only part of a ReadProcessMemory or WriteProcessMemory request was completed. (0x12B)
[0704/155824.498:ERROR:process_memory_win.cc(73)] ReadMemory at 0x1f2c3ea6f80 of 60 bytes failed: Only part of a ReadProcessMemory or WriteProcessMemory request was completed. (0x12B)
[0704/155824.498:ERROR:process_memory_win.cc(73)] ReadMemory at 0x1f2c3ea703c of 512 bytes failed: Only part of a ReadProcessMemory or WriteProcessMemory request was completed. (0x12B)
[0704/155824.498:ERROR:process_memory_win.cc(73)] ReadMemory at 0x1f2c3ea82c0 of 132 bytes failed: Only part of a ReadProcessMemory or WriteProcessMemory request was completed. (0x12B)
[0704/155824.498:ERROR:process_memory_win.cc(73)] ReadMemory at 0x1f2c3ea84e0 of 132 bytes failed: Only part of a ReadProcessMemory or WriteProcessMemory request was completed. (0x12B)
[0704/155824.498:ERROR:process_memory_win.cc(73)] ReadMemory at 0x1f2c3ea8750 of 132 bytes failed: Only part of a ReadProcessMemory or WriteProcessMemory request was completed. (0x12B)
[0704/155824.498:ERROR:process_memory_win.cc(73)] ReadMemory at 0x1f2c3eab650 of 60 bytes failed: Only part of a ReadProcessMemory or WriteProcessMemory request was completed. (0x12B)
[0704/155824.498:ERROR:process_memory_win.cc(73)] ReadMemory at 0x1f2c3eab6a0 of 64 bytes failed: Only part of a ReadProcessMemory or WriteProcessMemory request was completed. (0x12B)
[0704/155824.498:ERROR:process_memory_win.cc(73)] ReadMemory at 0x1f2c3eab790 of 66 bytes failed: Only part of a ReadProcessMemory or WriteProcessMemory request was completed. (0x12B)
[0704/155824.498:ERROR:process_memory_win.cc(73)] ReadMemory at 0x1f2c3eab7e0 of 64 bytes failed: Only part of a ReadProcessMemory or WriteProcessMemory request was completed. (0x12B)
[0704/155824.498:ERROR:process_memory_win.cc(73)] ReadMemory at 0x1f2c3eab830 of 62 bytes failed: Only part of a ReadProcessMemory or WriteProcessMemory request was completed. (0x12B)
[0704/155824.498:ERROR:process_memory_win.cc(73)] ReadMemory at 0x1f2c3eab970 of 64 bytes failed: Only part of a ReadProcessMemory or WriteProcessMemory request was completed. (0x12B)
[0704/155824.498:ERROR:process_memory_win.cc(73)] ReadMemory at 0x1f2c3eab9c0 of 60 bytes failed: Only part of a ReadProcessMemory or WriteProcessMemory request was completed. (0x12B)
[0704/155824.498:ERROR:process_memory_win.cc(73)] ReadMemory at 0x1f2c3eabc90 of 64 bytes failed: Only part of a ReadProcessMemory or WriteProcessMemory request was completed. (0x12B)
[0704/155824.498:ERROR:process_memory_win.cc(73)] ReadMemory at 0x1f2c3eabce0 of 62 bytes failed: Only part of a ReadProcessMemory or WriteProcessMemory request was completed. (0x12B)
[0704/155824.498:ERROR:process_memory_win.cc(73)] ReadMemory at 0x1f2c3eabe60 of 132 bytes failed: Only part of a ReadProcessMemory or WriteProcessMemory request was completed. (0x12B)
[0704/155824.498:ERROR:process_memory_win.cc(73)] ReadMemory at 0x1f2c3eabf90 of 132 bytes failed: Only part of a ReadProcessMemory or WriteProcessMemory request was completed. (0x12B)
[0704/155824.498:ERROR:process_memory_win.cc(73)] ReadMemory at 0x1f2c3eac0c0 of 132 bytes failed: Only part of a ReadProcessMemory or WriteProcessMemory request was completed. (0x12B)
[0704/155824.498:ERROR:process_memory_win.cc(73)] ReadMemory at 0x1f2c3eac1f0 of 132 bytes failed: Only part of a ReadProcessMemory or WriteProcessMemory request was completed. (0x12B)
[0704/155824.498:ERROR:process_memory_win.cc(73)] ReadMemory at 0x1f2c3eac320 of 132 bytes failed: Only part of a ReadProcessMemory or WriteProcessMemory request was completed. (0x12B)
[0704/155824.498:ERROR:process_memory_win.cc(73)] ReadMemory at 0x1f2c3eac450 of 132 bytes failed: Only part of a ReadProcessMemory or WriteProcessMemory request was completed. (0x12B)
[0704/155824.498:ERROR:process_memory_win.cc(73)] ReadMemory at 0x1f2c3eac580 of 132 bytes failed: Only part of a ReadProcessMemory or WriteProcessMemory request was completed. (0x12B)
[0704/155824.498:ERROR:process_memory_win.cc(73)] ReadMemory at 0x1f2c3eac6b0 of 132 bytes failed: Only part of a ReadProcessMemory or WriteProcessMemory request was completed. (0x12B)
[0704/155824.498:ERROR:process_memory_win.cc(73)] ReadMemory at 0x1f2c3eac7e0 of 132 bytes failed: Only part of a ReadProcessMemory or WriteProcessMemory request was completed. (0x12B)
[0704/155824.498:ERROR:process_memory_win.cc(73)] ReadMemory at 0x1f2c3eac910 of 132 bytes failed: Only part of a ReadProcessMemory or WriteProcessMemory request was completed. (0x12B)
[0704/155824.498:ERROR:process_memory_win.cc(73)] ReadMemory at 0x1f2c3eaca40 of 132 bytes failed: Only part of a ReadProcessMemory or WriteProcessMemory request was completed. (0x12B)
[0704/155824.498:ERROR:process_memory_win.cc(73)] ReadMemory at 0x1f2c3eacca0 of 132 bytes failed: Only part of a ReadProcessMemory or WriteProcessMemory request was completed. (0x12B)
[0704/155824.498:ERROR:process_memory_win.cc(73)] ReadMemory at 0x1f2c3eaf040 of 54 bytes failed: Only part of a ReadProcessMemory or WriteProcessMemory request was completed. (0x12B)
[0704/155824.506:ERROR:process_memory_win.cc(73)] ReadMemory at 0x1f2c3eb00d0 of 132 bytes failed: Only part of a ReadProcessMemory or WriteProcessMemory request was completed. (0x12B)
[0704/155824.506:ERROR:process_memory_win.cc(73)] ReadMemory at 0x1f2c3eb0200 of 132 bytes failed: Only part of a ReadProcessMemory or WriteProcessMemory request was completed. (0x12B)
[0704/155824.506:ERROR:process_memory_win.cc(73)] ReadMemory at 0x1f2c3eb0730 of 132 bytes failed: Only part of a ReadProcessMemory or WriteProcessMemory request was completed. (0x12B)
[0704/155824.506:ERROR:process_memory_win.cc(73)] ReadMemory at 0x1f2c3eb24e0 of 132 bytes failed: Only part of a ReadProcessMemory or WriteProcessMemory request was completed. (0x12B)
[0704/155824.506:ERROR:process_memory_win.cc(73)] ReadMemory at 0x1f2c3eb4340 of 132 bytes failed: Only part of a ReadProcessMemory or WriteProcessMemory request was completed. (0x12B)
[0704/155824.506:ERROR:process_memory_win.cc(73)] ReadMemory at 0x1f2c3eb4d60 of 132 bytes failed: Only part of a ReadProcessMemory or WriteProcessMemory request was completed. (0x12B)
[0704/155824.506:ERROR:process_memory_win.cc(73)] ReadMemory at 0x1f2c3eb50f0 of 80 bytes failed: Only part of a ReadProcessMemory or WriteProcessMemory request was completed. (0x12B)
[0704/155824.506:ERROR:process_memory_win.cc(73)] ReadMemory at 0x1f2c3eb5510 of 76 bytes failed: Only part of a ReadProcessMemory or WriteProcessMemory request was completed. (0x12B)
[0704/155824.507:ERROR:process_memory_win.cc(73)] ReadMemory at 0x1f2c3eb5690 of 78 bytes failed: Only part of a ReadProcessMemory or WriteProcessMemory request was completed. (0x12B)
[0704/155824.507:ERROR:process_memory_win.cc(73)] ReadMemory at 0x1f2c3eb60a0 of 60 bytes failed: Only part of a ReadProcessMemory or WriteProcessMemory request was completed. (0x12B)
[0704/155824.507:ERROR:process_memory_win.cc(73)] ReadMemory at 0x1f2c3eb6140 of 60 bytes failed: Only part of a ReadProcessMemory or WriteProcessMemory request was completed. (0x12B)
[0704/155824.507:ERROR:process_memory_win.cc(73)] ReadMemory at 0x1f2c3eb6280 of 64 bytes failed: Only part of a ReadProcessMemory or WriteProcessMemory request was completed. (0x12B)
[0704/155824.507:ERROR:process_memory_win.cc(73)] ReadMemory at 0x1f2c3eb6370 of 62 bytes failed: Only part of a ReadProcessMemory or WriteProcessMemory request was completed. (0x12B)
[0704/155824.507:ERROR:process_memory_win.cc(73)] ReadMemory at 0x1f2c3eb63c0 of 64 bytes failed: Only part of a ReadProcessMemory or WriteProcessMemory request was completed. (0x12B)
[0704/155824.507:ERROR:process_memory_win.cc(73)] ReadMemory at 0x1f2c3eb6550 of 60 bytes failed: Only part of a ReadProcessMemory or WriteProcessMemory request was completed. (0x12B)
[0704/155824.507:ERROR:process_memory_win.cc(73)] ReadMemory at 0x1f2c3eb65f0 of 62 bytes failed: Only part of a ReadProcessMemory or WriteProcessMemory request was completed. (0x12B)
[0704/155824.507:ERROR:process_memory_win.cc(73)] ReadMemory at 0x1f2c3eb6870 of 62 bytes failed: Only part of a ReadProcessMemory or WriteProcessMemory request was completed. (0x12B)
[0704/155824.507:ERROR:process_memory_win.cc(73)] ReadMemory at 0x1f2c3eb68c0 of 62 bytes failed: Only part of a ReadProcessMemory or WriteProcessMemory request was completed. (0x12B)
[0704/155824.507:ERROR:process_memory_win.cc(73)] ReadMemory at 0x1f2c3eb6960 of 62 bytes failed: Only part of a ReadProcessMemory or WriteProcessMemory request was completed. (0x12B)
[0704/155824.507:ERROR:process_memory_win.cc(73)] ReadMemory at 0x1f2c3eb6aa0 of 64 bytes failed: Only part of a ReadProcessMemory or WriteProcessMemory request was completed. (0x12B)
[0704/155824.507:ERROR:process_memory_win.cc(73)] ReadMemory at 0x1f2c3eb6c30 of 62 bytes failed: Only part of a ReadProcessMemory or WriteProcessMemory request was completed. (0x12B)
[0704/155824.507:ERROR:process_memory_win.cc(73)] ReadMemory at 0x1f2c3eb6c80 of 62 bytes failed: Only part of a ReadProcessMemory or WriteProcessMemory request was completed. (0x12B)
[0704/155824.507:ERROR:process_memory_win.cc(73)] ReadMemory at 0x1f2c3eb6cd0 of 64 bytes failed: Only part of a ReadProcessMemory or WriteProcessMemory request was completed. (0x12B)
[0704/155824.507:ERROR:process_memory_win.cc(73)] ReadMemory at 0x1f2c3eb6d70 of 58 bytes failed: Only part of a ReadProcessMemory or WriteProcessMemory request was completed. (0x12B)
[0704/155824.507:ERROR:process_memory_win.cc(73)] ReadMemory at 0x1f2c3eb6dc0 of 62 bytes failed: Only part of a ReadProcessMemory or WriteProcessMemory request was completed. (0x12B)
[0704/155824.507:ERROR:process_memory_win.cc(73)] ReadMemory at 0x1f2c3eb6e60 of 62 bytes failed: Only part of a ReadProcessMemory or WriteProcessMemory request was completed. (0x12B)
[0704/155824.507:ERROR:process_memory_win.cc(73)] ReadMemory at 0x1f2c3eb6f00 of 60 bytes failed: Only part of a ReadProcessMemory or WriteProcessMemory request was completed. (0x12B)
[0704/155824.507:ERROR:process_memory_win.cc(73)] ReadMemory at 0x1f2c3eb6f50 of 66 bytes failed: Only part of a ReadProcessMemory or WriteProcessMemory request was completed. (0x12B)
[0704/155824.507:ERROR:process_memory_win.cc(73)] ReadMemory at 0x1f2c3eb70b0 of 132 bytes failed: Only part of a ReadProcessMemory or WriteProcessMemory request was completed. (0x12B)
[0704/155824.507:ERROR:process_memory_win.cc(73)] ReadMemory at 0x1f2c3eb71e0 of 132 bytes failed: Only part of a ReadProcessMemory or WriteProcessMemory request was completed. (0x12B)
[0704/155824.507:ERROR:process_memory_win.cc(73)] ReadMemory at 0x1f2c3eb7570 of 132 bytes failed: Only part of a ReadProcessMemory or WriteProcessMemory request was completed. (0x12B)
[0704/155824.507:ERROR:process_memory_win.cc(73)] ReadMemory at 0x1f2c3eb76a0 of 132 bytes failed: Only part of a ReadProcessMemory or WriteProcessMemory request was completed. (0x12B)
[0704/155824.508:ERROR:process_memory_win.cc(73)] ReadMemory at 0x1f2c3eb7a30 of 132 bytes failed: Only part of a ReadProcessMemory or WriteProcessMemory request was completed. (0x12B)
[0704/155824.508:ERROR:process_memory_win.cc(73)] ReadMemory at 0x1f2c3eb7b60 of 132 bytes failed: Only part of a ReadProcessMemory or WriteProcessMemory request was completed. (0x12B)
[0704/155824.508:ERROR:process_memory_win.cc(73)] ReadMemory at 0x1f2c3eb7c90 of 132 bytes failed: Only part of a ReadProcessMemory or WriteProcessMemory request was completed. (0x12B)
[0704/155824.508:ERROR:process_memory_win.cc(73)] ReadMemory at 0x1f2c3eb7dc0 of 132 bytes failed: Only part of a ReadProcessMemory or WriteProcessMemory request was completed. (0x12B)
[0704/155824.508:ERROR:process_memory_win.cc(73)] ReadMemory at 0x1f2c3eb7ef0 of 132 bytes failed: Only part of a ReadProcessMemory or WriteProcessMemory request was completed. (0x12B)
[0704/155824.508:ERROR:process_memory_win.cc(73)] ReadMemory at 0x1f2c3eb8020 of 132 bytes failed: Only part of a ReadProcessMemory or WriteProcessMemory request was completed. (0x12B)
[0704/155824.508:ERROR:process_memory_win.cc(73)] ReadMemory at 0x1f2c3eb8150 of 132 bytes failed: Only part of a ReadProcessMemory or WriteProcessMemory request was completed. (0x12B)
[0704/155824.508:ERROR:process_memory_win.cc(73)] ReadMemory at 0x1f2c3eb8280 of 132 bytes failed: Only part of a ReadProcessMemory or WriteProcessMemory request was completed. (0x12B)
[0704/155824.508:ERROR:process_memory_win.cc(73)] ReadMemory at 0x1f2c3eb83b0 of 132 bytes failed: Only part of a ReadProcessMemory or WriteProcessMemory request was completed. (0x12B)
[0704/155824.508:ERROR:process_memory_win.cc(73)] ReadMemory at 0x1f2c3eb84e0 of 132 bytes failed: Only part of a ReadProcessMemory or WriteProcessMemory request was completed. (0x12B)
[0704/155824.508:ERROR:process_memory_win.cc(73)] ReadMemory at 0x1f2c3eb8610 of 132 bytes failed: Only part of a ReadProcessMemory or WriteProcessMemory request was completed. (0x12B)
[0704/155824.508:ERROR:process_memory_win.cc(73)] ReadMemory at 0x1f2c3eb8870 of 132 bytes failed: Only part of a ReadProcessMemory or WriteProcessMemory request was completed. (0x12B)
[0704/155824.508:ERROR:process_memory_win.cc(73)] ReadMemory at 0x1f2c3eb89a0 of 132 bytes failed: Only part of a ReadProcessMemory or WriteProcessMemory request was completed. (0x12B)
[0704/155824.508:ERROR:process_memory_win.cc(73)] ReadMemory at 0x1f2c3eb8ad0 of 132 bytes failed: Only part of a ReadProcessMemory or WriteProcessMemory request was completed. (0x12B)
[0704/155824.509:ERROR:process_memory_win.cc(73)] ReadMemory at 0x1f2c3eb8c00 of 132 bytes failed: Only part of a ReadProcessMemory or WriteProcessMemory request was completed. (0x12B)
[0704/155824.509:ERROR:process_memory_win.cc(73)] ReadMemory at 0x1f2c3eb8d30 of 132 bytes failed: Only part of a ReadProcessMemory or WriteProcessMemory request was completed. (0x12B)
[0704/155824.509:ERROR:process_memory_win.cc(73)] ReadMemory at 0x1f2c3eb8e60 of 132 bytes failed: Only part of a ReadProcessMemory or WriteProcessMemory request was completed. (0x12B)
[0704/155824.509:ERROR:process_memory_win.cc(73)] ReadMemory at 0x1f2c3eb90c0 of 66 bytes failed: Only part of a ReadProcessMemory or WriteProcessMemory request was completed. (0x12B)
[0704/155824.509:ERROR:process_memory_win.cc(73)] ReadMemory at 0x1f2c3eb9160 of 60 bytes failed: Only part of a ReadProcessMemory or WriteProcessMemory request was completed. (0x12B)
[0704/155824.509:ERROR:process_memory_win.cc(73)] ReadMemory at 0x1f2c3eb92f0 of 58 bytes failed: Only part of a ReadProcessMemory or WriteProcessMemory request was completed. (0x12B)
[0704/155824.509:ERROR:process_memory_win.cc(73)] ReadMemory at 0x1f2c3eb9750 of 60 bytes failed: Only part of a ReadProcessMemory or WriteProcessMemory request was completed. (0x12B)
[0704/155824.509:ERROR:process_memory_win.cc(73)] ReadMemory at 0x1f2c3eb9b60 of 58 bytes failed: Only part of a ReadProcessMemory or WriteProcessMemory request was completed. (0x12B)
[0704/155824.509:ERROR:process_memory_win.cc(73)] ReadMemory at 0x1f2c3eb9bb0 of 64 bytes failed: Only part of a ReadProcessMemory or WriteProcessMemory request was completed. (0x12B)
[0704/155824.509:ERROR:process_memory_win.cc(73)] ReadMemory at 0x1f2c3eb9f20 of 62 bytes failed: Only part of a ReadProcessMemory or WriteProcessMemory request was completed. (0x12B)
[0704/155824.509:ERROR:process_memory_win.cc(73)] ReadMemory at 0x1f2c3eb9fc0 of 58 bytes failed: Only part of a ReadProcessMemory or WriteProcessMemory request was completed. (0x12B)
[0704/155824.509:ERROR:process_memory_win.cc(73)] ReadMemory at 0x1f2c3eba010 of 62 bytes failed: Only part of a ReadProcessMemory or WriteProcessMemory request was completed. (0x12B)
[0704/155824.509:ERROR:process_memory_win.cc(73)] ReadMemory at 0x1f2c3ed2140 of 512 bytes failed: Only part of a ReadProcessMemory or WriteProcessMemory request was completed. (0x12B)
[0704/155824.509:ERROR:process_memory_win.cc(73)] ReadMemory at 0x1f2c3ed24c0 of 512 bytes failed: Only part of a ReadProcessMemory or WriteProcessMemory request was completed. (0x12B)
[0704/155824.509:ERROR:process_memory_win.cc(73)] ReadMemory at 0x1f2c3ed62a0 of 512 bytes failed: Only part of a ReadProcessMemory or WriteProcessMemory request was completed. (0x12B)
[0704/155824.509:ERROR:process_memory_win.cc(73)] ReadMemory at 0x1f2c3ed7210 of 512 bytes failed: Only part of a ReadProcessMemory or WriteProcessMemory request was completed. (0x12B)
[0704/155824.509:ERROR:process_memory_win.cc(73)] ReadMemory at 0x1f2c40d1000 of 512 bytes failed: Only part of a ReadProcessMemory or WriteProcessMemory request was completed. (0x12B)
[0704/155824.509:ERROR:process_memory_win.cc(73)] ReadMemory at 0x1f2c40d1540 of 512 bytes failed: Only part of a ReadProcessMemory or WriteProcessMemory request was completed. (0x12B)
[0704/155824.509:ERROR:process_memory_win.cc(73)] ReadMemory at 0x1f2c4250fb8 of 512 bytes failed: Only part of a ReadProcessMemory or WriteProcessMemory request was completed. (0x12B)
[0704/155824.509:ERROR:process_memory_win.cc(73)] ReadMemory at 0x1f2c426c860 of 512 bytes failed: Only part of a ReadProcessMemory or WriteProcessMemory request was completed. (0x12B)
[0704/155824.509:ERROR:process_memory_win.cc(73)] ReadMemory at 0x1f2c427f6e0 of 712 bytes failed: Only part of a ReadProcessMemory or WriteProcessMemory request was completed. (0x12B)
[0704/155824.509:ERROR:process_memory_win.cc(73)] ReadMemory at 0x1f2c4290480 of 512 bytes failed: Only part of a ReadProcessMemory or WriteProcessMemory request was completed. (0x12B)
[0704/155824.510:ERROR:process_memory_win.cc(73)] ReadMemory at 0x1f2c47e0000 of 384 bytes failed: Only part of a ReadProcessMemory or WriteProcessMemory request was completed. (0x12B)
[0704/155824.510:ERROR:process_memory_win.cc(73)] ReadMemory at 0x1f2c5e09400 of 512 bytes failed: Only part of a ReadProcessMemory or WriteProcessMemory request was completed. (0x12B)
[0704/155824.510:ERROR:process_memory_win.cc(73)] ReadMemory at 0x1f2c5e5b178 of 512 bytes failed: Only part of a ReadProcessMemory or WriteProcessMemory request was completed. (0x12B)
[0704/155824.510:ERROR:process_memory_win.cc(73)] ReadMemory at 0x1f2c5e9ac30 of 512 bytes failed: Only part of a ReadProcessMemory or WriteProcessMemory request was completed. (0x12B)
[0704/155824.510:ERROR:process_memory_win.cc(73)] ReadMemory at 0x1f2c5fd29c0 of 512 bytes failed: Only part of a ReadProcessMemory or WriteProcessMemory request was completed. (0x12B)
[0704/155824.510:ERROR:process_memory_win.cc(73)] ReadMemory at 0x1f2c749d130 of 512 bytes failed: Only part of a ReadProcessMemory or WriteProcessMemory request was completed. (0x12B)
[0704/155824.510:ERROR:process_memory_win.cc(73)] ReadMemory at 0x1f2c749e6d0 of 528 bytes failed: Only part of a ReadProcessMemory or WriteProcessMemory request was completed. (0x12B)
[0704/155824.510:ERROR:process_memory_win.cc(73)] ReadMemory at 0x1f2c88a0a14 of 512 bytes failed: Only part of a ReadProcessMemory or WriteProcessMemory request was completed. (0x12B)
[0704/155824.510:ERROR:process_memory_win.cc(73)] ReadMemory at 0x1f2c8b474b0 of 512 bytes failed: Only part of a ReadProcessMemory or WriteProcessMemory request was completed. (0x12B)
[0704/155824.510:ERROR:process_memory_win.cc(73)] ReadMemory at 0x2da200000000 of 384 bytes failed: Only part of a ReadProcessMemory or WriteProcessMemory request was completed. (0x12B)
[0704/155824.510:ERROR:process_memory_win.cc(73)] ReadMemory at 0x2da209d0fdd5 of 512 bytes failed: Only part of a ReadProcessMemory or WriteProcessMemory request was completed. (0x12B)
[0704/155824.510:ERROR:process_memory_win.cc(73)] ReadMemory at 0x2da20a738cc9 of 839 bytes failed: Only part of a ReadProcessMemory or WriteProcessMemory request was completed. (0x12B)
[0704/155824.510:ERROR:process_memory_win.cc(73)] ReadMemory at 0x2da20ac32fb0 of 512 bytes failed: Only part of a ReadProcessMemory or WriteProcessMemory request was completed. (0x12B)
[0704/155824.510:ERROR:process_memory_win.cc(73)] ReadMemory at 0x7fff3b9c133e of 512 bytes failed: Only part of a ReadProcessMemory or WriteProcessMemory request was completed. (0x12B)
[0704/155824.510:ERROR:process_memory_win.cc(73)] ReadMemory at 0x7fff3cd75b39 of 512 bytes failed: Only part of a ReadProcessMemory or WriteProcessMemory request was completed. (0x12B)
[0704/155824.510:ERROR:process_memory_win.cc(73)] ReadMemory at 0x7fff423ee7d2 of 512 bytes failed: Only part of a ReadProcessMemory or WriteProcessMemory request was completed. (0x12B)
[0704/155824.510:ERROR:process_memory_win.cc(73)] ReadMemory at 0x7fff43112080 of 512 bytes failed: Only part of a ReadProcessMemory or WriteProcessMemory request was completed. (0x12B)
[0704/155824.510:ERROR:process_memory_win.cc(73)] ReadMemory at 0x7fffa66aa719 of 512 bytes failed: Only part of a ReadProcessMemory or WriteProcessMemory request was completed. (0x12B)
[0704/155824.510:ERROR:process_memory_win.cc(73)] ReadMemory at 0x7fffa68dc6e0 of 512 bytes failed: Only part of a ReadProcessMemory or WriteProcessMemory request was completed. (0x12B)
[0704/155824.510:ERROR:process_memory_win.cc(73)] ReadMemory at 0x7fffa8920000 of 384 bytes failed: Only part of a ReadProcessMemory or WriteProcessMemory request was completed. (0x12B)
[0704/155824.511:ERROR:process_memory_win.cc(73)] ReadMemory at 0x7fffa89bc074 of 672 bytes failed: Only part of a ReadProcessMemory or WriteProcessMemory request was completed. (0x12B)
[0704/155824.511:ERROR:process_memory_win.cc(73)] ReadMemory at 0x7fffa89bc674 of 512 bytes failed: Only part of a ReadProcessMemory or WriteProcessMemory request was completed. (0x12B)
[0704/155824.511:ERROR:process_memory_win.cc(73)] ReadMemory at 0x7fffa89bf924 of 608 bytes failed: Only part of a ReadProcessMemory or WriteProcessMemory request was completed. (0x12B)
[0704/155824.511:ERROR:process_memory_win.cc(73)] ReadMemory at 0x7fffa89c5e80 of 512 bytes failed: Only part of a ReadProcessMemory or WriteProcessMemory request was completed. (0x12B)
[0704/155824.511:ERROR:process_memory_win.cc(73)] ReadMemory at 0x7fffa8a4c428 of 18 bytes failed: Only part of a ReadProcessMemory or WriteProcessMemory request was completed. (0x12B)
[0704/155824.511:ERROR:process_memory_win.cc(73)] ReadMemory at 0x7fffa8a7f4f8 of 40 bytes failed: Only part of a ReadProcessMemory or WriteProcessMemory request was completed. (0x12B)
[0704/155824.511:ERROR:process_memory_win.cc(73)] ReadMemory at 0x7fffa8a7f978 of 48 bytes failed: Only part of a ReadProcessMemory or WriteProcessMemory request was completed. (0x12B)
[0704/155824.511:ERROR:process_memory_win.cc(73)] ReadMemory at 0x7fffa8a853c0 of 64 bytes failed: Only part of a ReadProcessMemory or WriteProcessMemory request was completed. (0x12B)
[0704/155824.511:ERROR:process_memory_win.cc(73)] ReadMemory at 0x7fffa8a8e970 of 512 bytes failed: Only part of a ReadProcessMemory or WriteProcessMemory request was completed. (0x12B)
[0704/155824.512:ERROR:scoped_process_suspend.cc(40)] NtResumeProcess: An attempt was made to access an exiting process. (0xc000010a)
